<?xml version="1.0" encoding="UTF-8"?>
<!-- Generated by org.testng.reporters.JUnitReportReporter -->
<testsuite hostname="DESKTOP-EVK9GMC" failures="0" tests="1" name="scripts.Signup" time="30.741" errors="0" timestamp="2020-10-01T17:44:33 IST" skipped="0">
  <testcase classname="scripts.Signup" name="signup" time="30.741"/>
</testsuite> <!-- scripts.Signup -->
