<?xml version="1.0" encoding="UTF-8"?>
<!-- Generated by org.testng.reporters.JUnitReportReporter -->
<testsuite hostname="DESKTOP-EVK9GMC" failures="0" tests="1" name="scripts.DeliveryingProduct" time="27.106" errors="0" timestamp="2020-09-28T20:38:33 IST" skipped="0">
  <testcase classname="scripts.DeliveryingProduct" name="productdelivery" time="27.106"/>
</testsuite> <!-- scripts.DeliveryingProduct -->
