<?xml version="1.0" encoding="UTF-8"?>
<!-- Generated by org.testng.reporters.JUnitReportReporter -->
<testsuite hostname="DESKTOP-EVK9GMC" failures="0" tests="1" name="scripts.AddingProductCart" time="37.954" errors="0" timestamp="2020-09-28T20:38:33 IST" skipped="0">
  <testcase classname="scripts.AddingProductCart" name="addingproductcart" time="37.954"/>
</testsuite> <!-- scripts.AddingProductCart -->
