<?xml version="1.0" encoding="UTF-8"?>
<!-- Generated by org.testng.reporters.JUnitReportReporter -->
<testsuite hostname="DESKTOP-EVK9GMC" failures="0" tests="1" name="scripts.Failedtestcase" time="30.320" errors="0" timestamp="2020-09-28T20:41:38 IST" skipped="0">
  <testcase classname="scripts.Failedtestcase" name="failtc" time="30.320"/>
</testsuite> <!-- scripts.Failedtestcase -->
